14:37:09 INFO  : Launching XSDB server: xsdb.bat -s C:/Xilinx/SDK/2015.2/scripts/xsdb/xsdb/xsdb-server.tcl
14:37:12 INFO  : Processing command line option -hwspec C:/ES3/Assessment_1_Calculator/Assessment_1_Calculator/Assessment_1_Calculator/es3_hw_assmnt_1/es3_hw_assmnt_1.sdk/top.hdf.
14:37:12 INFO  : XSDB server has started successfully.
15:18:43 INFO  : Connected to target on host '127.0.0.1' and port '3121'.
15:18:43 INFO  : 'targets -set -filter {jtag_cable_name =~ "Digilent Basys3 210183A38577A" && level==0} -index 0' command is executed.
15:18:45 INFO  : FPGA configured successfully with bitstream "C:/ES3/Assessment_1_Calculator/Assessment_1_Calculator/Assessment_1_Calculator/es3_hw_assmnt_1/es3_hw_assmnt_1.sdk/top_hw_platform_0/download.bit"
15:19:10 INFO  : Connected to target on host '127.0.0.1' and port '3121'.
15:19:10 INFO  : 'targets -set -filter {jtag_cable_name =~ "Digilent Basys3 210183A38577A" && level==0} -index 0' command is executed.
15:19:11 INFO  : FPGA configured successfully with bitstream "C:/ES3/Assessment_1_Calculator/Assessment_1_Calculator/Assessment_1_Calculator/es3_hw_assmnt_1/es3_hw_assmnt_1.sdk/top_hw_platform_0/download.bit"
15:19:40 WARN  : Unable to obtain port 2350 for use by XMD, java.net.SocketException: Unrecognized Windows Sockets error: 0: JVM_Bind
15:19:42 INFO  : Processor reset is completed for microblaze_0
15:20:02 INFO  : microblaze_0 Processor is in use. Please stop existing Run or Debug sessions before launching.
15:20:06 INFO  : Processor reset is completed for microblaze_0
15:48:11 INFO  : Connected to target on host '127.0.0.1' and port '3121'.
15:48:11 INFO  : 'targets -set -filter {jtag_cable_name =~ "Digilent Basys3 210183A38577A" && level==0} -index 0' command is executed.
15:48:12 INFO  : FPGA configured successfully with bitstream "C:/ES3/Assessment_1_Calculator/Assessment_1_Calculator/Assessment_1_Calculator/es3_hw_assmnt_1/es3_hw_assmnt_1.sdk/top_hw_platform_0/download.bit"
15:48:19 INFO  : Processor reset is completed for microblaze_0
15:48:46 INFO  : microblaze_0 Processor is in use. Please stop existing Run or Debug sessions before launching.
15:48:48 INFO  : Processor reset is completed for microblaze_0
15:49:20 INFO  : microblaze_0 Processor is in use. Please stop existing Run or Debug sessions before launching.
15:49:22 INFO  : Processor reset is completed for microblaze_0
15:50:02 INFO  : microblaze_0 Processor is in use. Please stop existing Run or Debug sessions before launching.
15:50:04 INFO  : Processor reset is completed for microblaze_0
15:50:26 INFO  : microblaze_0 Processor is in use. Please stop existing Run or Debug sessions before launching.
15:50:28 INFO  : Processor reset is completed for microblaze_0
15:51:20 INFO  : microblaze_0 Processor is in use. Please stop existing Run or Debug sessions before launching.
15:51:21 INFO  : Processor reset is completed for microblaze_0
15:51:44 INFO  : microblaze_0 Processor is in use. Please stop existing Run or Debug sessions before launching.
15:51:46 INFO  : Processor reset is completed for microblaze_0
16:22:32 INFO  : microblaze_0 Processor is in use. Please stop existing Run or Debug sessions before launching.
16:22:36 INFO  : Processor reset is completed for microblaze_0
16:23:53 INFO  : Processor reset is completed for microblaze_0
16:24:31 INFO  : Processor reset is completed for microblaze_0
16:25:17 INFO  : microblaze_0 Processor is in use. Please stop existing Run or Debug sessions before launching.
16:25:19 INFO  : Processor reset is completed for microblaze_0
16:27:17 INFO  : Processor reset is completed for microblaze_0
16:27:36 INFO  : Processor reset is completed for microblaze_0
16:28:04 INFO  : Processor reset is completed for microblaze_0
16:28:29 INFO  : Processor reset is completed for microblaze_0
16:28:36 INFO  : microblaze_0 Processor is in use. Please stop existing Run or Debug sessions before launching.
16:28:38 INFO  : Processor reset is completed for microblaze_0
16:30:18 INFO  : microblaze_0 Processor is in use. Please stop existing Run or Debug sessions before launching.
16:30:20 INFO  : Processor reset is completed for microblaze_0
16:31:56 INFO  : microblaze_0 Processor is in use. Please stop existing Run or Debug sessions before launching.
16:31:58 INFO  : Processor reset is completed for microblaze_0
16:32:40 INFO  : Processor reset is completed for microblaze_0
16:33:48 INFO  : Processor reset is completed for microblaze_0
16:33:53 INFO  : microblaze_0 Processor is in use. Please stop existing Run or Debug sessions before launching.
16:33:55 INFO  : Processor reset is completed for microblaze_0
16:35:44 INFO  : Processor reset is completed for microblaze_0
16:38:04 INFO  : Processor reset is completed for microblaze_0
16:39:55 INFO  : Processor reset is completed for microblaze_0
16:40:42 INFO  : microblaze_0 Processor is in use. Please stop existing Run or Debug sessions before launching.
16:40:43 INFO  : Processor reset is completed for microblaze_0
16:41:30 INFO  : Processor reset is completed for microblaze_0
16:42:10 INFO  : Processor reset is completed for microblaze_0
16:43:17 INFO  : microblaze_0 Processor is in use. Please stop existing Run or Debug sessions before launching.
16:43:19 INFO  : Processor reset is completed for microblaze_0
16:44:59 ERROR : Unexpected error while launching program.
java.lang.RuntimeException: The program file specified in the launch configuration does not exist
	at com.xilinx.sdk.debug.core.XilinxAppLaunchConfigurationDelegate.runApplication(XilinxAppLaunchConfigurationDelegate.java:552)
	at com.xilinx.sdk.debug.core.XilinxAppLaunchConfigurationDelegate.launch(XilinxAppLaunchConfigurationDelegate.java:296)
	at com.xilinx.sdk.debug.ui.XilinxAppLaunchDelegateWrapper.launch(XilinxAppLaunchDelegateWrapper.java:31)
	at org.eclipse.debug.internal.core.LaunchConfiguration.launch(LaunchConfiguration.java:858)
	at org.eclipse.debug.internal.core.LaunchConfiguration.launch(LaunchConfiguration.java:707)
	at org.eclipse.debug.internal.ui.DebugUIPlugin.buildAndLaunch(DebugUIPlugin.java:1018)
	at org.eclipse.debug.internal.ui.DebugUIPlugin$8.run(DebugUIPlugin.java:1222)
	at org.eclipse.core.internal.jobs.Worker.run(Worker.java:53)
16:45:08 ERROR : Unexpected error while launching program.
java.lang.RuntimeException: The program file specified in the launch configuration does not exist
	at com.xilinx.sdk.debug.core.XilinxAppLaunchConfigurationDelegate.runApplication(XilinxAppLaunchConfigurationDelegate.java:552)
	at com.xilinx.sdk.debug.core.XilinxAppLaunchConfigurationDelegate.launch(XilinxAppLaunchConfigurationDelegate.java:296)
	at com.xilinx.sdk.debug.ui.XilinxAppLaunchDelegateWrapper.launch(XilinxAppLaunchDelegateWrapper.java:31)
	at org.eclipse.debug.internal.core.LaunchConfiguration.launch(LaunchConfiguration.java:858)
	at org.eclipse.debug.internal.core.LaunchConfiguration.launch(LaunchConfiguration.java:707)
	at org.eclipse.debug.internal.ui.DebugUIPlugin.buildAndLaunch(DebugUIPlugin.java:1018)
	at org.eclipse.debug.internal.ui.DebugUIPlugin$8.run(DebugUIPlugin.java:1222)
	at org.eclipse.core.internal.jobs.Worker.run(Worker.java:53)
16:46:03 INFO  : Processor reset is completed for microblaze_0
16:46:10 INFO  : microblaze_0 Processor is in use. Please stop existing Run or Debug sessions before launching.
16:46:12 INFO  : Processor reset is completed for microblaze_0
16:46:44 INFO  : Processor reset is completed for microblaze_0
16:47:04 INFO  : Processor reset is completed for microblaze_0
16:50:55 INFO  : Processor reset is completed for microblaze_0
16:51:02 INFO  : microblaze_0 Processor is in use. Please stop existing Run or Debug sessions before launching.
16:51:04 INFO  : Processor reset is completed for microblaze_0
16:52:46 INFO  : Processor reset is completed for microblaze_0
16:54:13 INFO  : microblaze_0 Processor is in use. Please stop existing Run or Debug sessions before launching.
16:54:15 INFO  : Processor reset is completed for microblaze_0
16:54:50 INFO  : Processor reset is completed for microblaze_0
16:54:56 INFO  : microblaze_0 Processor is in use. Please stop existing Run or Debug sessions before launching.
16:54:58 INFO  : Processor reset is completed for microblaze_0
16:56:35 INFO  : microblaze_0 Processor is in use. Please stop existing Run or Debug sessions before launching.
16:56:37 INFO  : Processor reset is completed for microblaze_0
16:56:59 INFO  : microblaze_0 Processor is in use. Please stop existing Run or Debug sessions before launching.
16:57:01 INFO  : Processor reset is completed for microblaze_0
19:59:46 ERROR : Unexpected error while parsing XMD response ?: com.google.gson.JsonSyntaxException: com.google.gson.stream.MalformedJsonException: invalid number or unquoted string near 
17:00:46 INFO  : Launching XSDB server: xsdb.bat -s C:/Xilinx/SDK/2015.2/scripts/xsdb/xsdb/xsdb-server.tcl
17:00:49 INFO  : XSDB server has started successfully.
17:00:50 INFO  : Processing command line option -hwspec C:/ES3/Assessment_1_Calculator/Assessment_1_Calculator/Assessment_1_Calculator/es3_hw_assmnt_1/es3_hw_assmnt_1.sdk/top.hdf.
17:00:52 INFO  : Checking for hwspec changes in the project top_hw_platform_0.
17:50:36 INFO  : Connected to target on host '127.0.0.1' and port '3121'.
17:50:36 INFO  : 'targets -set -filter {jtag_cable_name =~ "Digilent Basys3 210183A38577A" && level==0} -index 0' command is executed.
17:50:37 INFO  : FPGA configured successfully with bitstream "C:/ES3/Assessment_1_Calculator/Assessment_1_Calculator/Assessment_1_Calculator/es3_hw_assmnt_1/es3_hw_assmnt_1.sdk/top_hw_platform_0/download.bit"
17:50:57 INFO  : Processor reset is completed for microblaze_0
19:58:27 INFO  : microblaze_0 Processor is in use. Please stop existing Run or Debug sessions before launching.
19:58:30 INFO  : Processor reset is completed for microblaze_0
19:59:31 INFO  : microblaze_0 Processor is in use. Please stop existing Run or Debug sessions before launching.
19:59:33 INFO  : Processor reset is completed for microblaze_0
20:29:07 INFO  : microblaze_0 Processor is in use. Please stop existing Run or Debug sessions before launching.
20:29:45 INFO  : microblaze_0 Processor is in use. Please stop existing Run or Debug sessions before launching.
20:29:47 INFO  : Processor reset is completed for microblaze_0
20:30:25 INFO  : microblaze_0 Processor is in use. Please stop existing Run or Debug sessions before launching.
20:30:27 INFO  : Processor reset is completed for microblaze_0
20:31:12 INFO  : microblaze_0 Processor is in use. Please stop existing Run or Debug sessions before launching.
20:31:19 INFO  : Processor reset is completed for microblaze_0
20:32:48 INFO  : Processor reset is completed for microblaze_0
20:33:41 INFO  : Processor reset is completed for microblaze_0
20:36:00 INFO  : Processor reset is completed for microblaze_0
20:37:25 INFO  : Processor reset is completed for microblaze_0
20:38:48 INFO  : microblaze_0 Processor is in use. Please stop existing Run or Debug sessions before launching.
20:38:52 ERROR : Unexpected error while launching program.
java.lang.NullPointerException
	at com.xilinx.sdk.targetmanager.internal.TM.terminateCurrentLaunch(TM.java:803)
	at com.xilinx.sdk.debug.core.XilinxAppLaunchConfigurationDelegate.runApplication(XilinxAppLaunchConfigurationDelegate.java:568)
	at com.xilinx.sdk.debug.core.XilinxAppLaunchConfigurationDelegate.launch(XilinxAppLaunchConfigurationDelegate.java:296)
	at com.xilinx.sdk.debug.ui.XilinxAppLaunchDelegateWrapper.launch(XilinxAppLaunchDelegateWrapper.java:31)
	at org.eclipse.debug.internal.core.LaunchConfiguration.launch(LaunchConfiguration.java:858)
	at org.eclipse.debug.internal.core.LaunchConfiguration.launch(LaunchConfiguration.java:707)
	at org.eclipse.debug.internal.ui.DebugUIPlugin.buildAndLaunch(DebugUIPlugin.java:1018)
	at org.eclipse.debug.internal.ui.DebugUIPlugin$8.run(DebugUIPlugin.java:1222)
	at org.eclipse.core.internal.jobs.Worker.run(Worker.java:53)
20:42:01 INFO  : Processor reset is completed for microblaze_0
20:42:32 INFO  : Processor reset is completed for microblaze_0
20:42:33 ERROR : Unexpected error while launching program.
java.lang.RuntimeException: Cannot perform the Debug Command, Current Processor State is "Running"

	at com.xilinx.sdk.targetmanager.internal.TM.downloadELF(TM.java:670)
	at com.xilinx.sdk.debug.core.internal.AppRunner.run(AppRunner.java:129)
	at com.xilinx.sdk.debug.core.XilinxAppLaunchConfigurationDelegate.runApplication(XilinxAppLaunchConfigurationDelegate.java:609)
	at com.xilinx.sdk.debug.core.XilinxAppLaunchConfigurationDelegate.launch(XilinxAppLaunchConfigurationDelegate.java:296)
	at com.xilinx.sdk.debug.ui.XilinxAppLaunchDelegateWrapper.launch(XilinxAppLaunchDelegateWrapper.java:31)
	at org.eclipse.debug.internal.core.LaunchConfiguration.launch(LaunchConfiguration.java:858)
	at org.eclipse.debug.internal.core.LaunchConfiguration.launch(LaunchConfiguration.java:707)
	at org.eclipse.debug.internal.ui.DebugUIPlugin.buildAndLaunch(DebugUIPlugin.java:1018)
	at org.eclipse.debug.internal.ui.DebugUIPlugin$8.run(DebugUIPlugin.java:1222)
	at org.eclipse.core.internal.jobs.Worker.run(Worker.java:53)
20:43:31 INFO  : Connected to target on host '127.0.0.1' and port '3121'.
20:43:31 INFO  : 'targets -set -filter {jtag_cable_name =~ "Digilent Basys3 210183A38577A" && level==0} -index 0' command is executed.
20:43:33 INFO  : FPGA configured successfully with bitstream "C:/ES3/Assessment_1_Calculator/Assessment_1_Calculator/Assessment_1_Calculator/es3_hw_assmnt_1/es3_hw_assmnt_1.sdk/top_hw_platform_0/download.bit"
20:44:35 INFO  : Processor reset is completed for microblaze_0
20:44:37 ERROR : Port COM7 is already in use.
21:02:09 INFO  : microblaze_0 Processor is in use. Please stop existing Run or Debug sessions before launching.
21:02:11 INFO  : Processor reset is completed for microblaze_0
21:02:13 ERROR : Port COM7 is already in use.
21:02:13 ERROR : Unexpected error while launching program.
java.lang.RuntimeException: Cannot perform the Debug Command

	at com.xilinx.sdk.targetmanager.internal.TM.downloadELF(TM.java:670)
	at com.xilinx.sdk.debug.core.internal.AppRunner.run(AppRunner.java:129)
	at com.xilinx.sdk.debug.core.XilinxAppLaunchConfigurationDelegate.runApplication(XilinxAppLaunchConfigurationDelegate.java:609)
	at com.xilinx.sdk.debug.core.XilinxAppLaunchConfigurationDelegate.launch(XilinxAppLaunchConfigurationDelegate.java:296)
	at com.xilinx.sdk.debug.ui.XilinxAppLaunchDelegateWrapper.launch(XilinxAppLaunchDelegateWrapper.java:31)
	at org.eclipse.debug.internal.core.LaunchConfiguration.launch(LaunchConfiguration.java:858)
	at org.eclipse.debug.internal.core.LaunchConfiguration.launch(LaunchConfiguration.java:707)
	at org.eclipse.debug.internal.ui.DebugUIPlugin.buildAndLaunch(DebugUIPlugin.java:1018)
	at org.eclipse.debug.internal.ui.DebugUIPlugin$8.run(DebugUIPlugin.java:1222)
	at org.eclipse.core.internal.jobs.Worker.run(Worker.java:53)
21:03:08 INFO  : Processor reset is completed for microblaze_0
21:03:11 ERROR : Port COM7 is already in use.
21:08:53 INFO  : Processor reset is completed for microblaze_0
21:08:55 ERROR : Port COM7 is already in use.
21:10:05 INFO  : Processor reset is completed for microblaze_0
21:10:07 ERROR : Port COM7 is already in use.
21:12:15 INFO  : Processor reset is completed for microblaze_0
21:12:17 ERROR : Port COM7 is already in use.
21:25:12 INFO  : Processor reset is completed for microblaze_0
21:25:14 ERROR : Port COM7 is already in use.
21:35:31 INFO  : Processor reset is completed for microblaze_0
21:35:33 ERROR : Port COM7 is already in use.
21:36:40 INFO  : Processor reset is completed for microblaze_0
21:36:42 ERROR : Port COM7 is already in use.
22:51:20 INFO  : Processor reset is completed for microblaze_0
22:51:22 ERROR : Port COM7 is already in use.
22:52:06 INFO  : Processor reset is completed for microblaze_0
22:52:08 ERROR : Port COM7 is already in use.
22:54:16 INFO  : Processor reset is completed for microblaze_0
22:54:18 ERROR : Port COM7 is already in use.
23:39:36 INFO  : microblaze_0 Processor is in use. Please stop existing Run or Debug sessions before launching.
23:39:38 INFO  : Processor reset is completed for microblaze_0
23:39:40 ERROR : Port COM7 is already in use.
23:40:07 INFO  : Processor reset is completed for microblaze_0
23:40:09 ERROR : Port COM7 is already in use.
23:40:24 INFO  : microblaze_0 Processor is in use. Please stop existing Run or Debug sessions before launching.
23:40:26 INFO  : Processor reset is completed for microblaze_0
23:40:28 ERROR : Port COM7 is already in use.
23:40:34 ERROR : Unexpected error while parsing XMD response ?: com.google.gson.JsonSyntaxException: com.google.gson.stream.MalformedJsonException: invalid number or unquoted string near 
23:41:05 INFO  : Launching XSDB server: xsdb.bat -s C:/Xilinx/SDK/2015.2/scripts/xsdb/xsdb/xsdb-server.tcl
23:41:07 INFO  : XSDB server has started successfully.
23:41:09 INFO  : Processing command line option -hwspec C:/ES3/Assessment_1_Calculator/Assessment_1_Calculator/Assessment_1_Calculator/es3_hw_assmnt_1/es3_hw_assmnt_1.sdk/top.hdf.
23:41:10 INFO  : Checking for hwspec changes in the project top_hw_platform_0.
23:45:09 INFO  : Connected to target on host '127.0.0.1' and port '3121'.
23:45:09 INFO  : 'targets -set -filter {jtag_cable_name =~ "Digilent Basys3 210183A38577A" && level==0} -index 0' command is executed.
23:45:11 INFO  : FPGA configured successfully with bitstream "C:/ES3/Assessment_1_Calculator/Assessment_1_Calculator/Assessment_1_Calculator/es3_hw_assmnt_1/es3_hw_assmnt_1.sdk/top_hw_platform_0/download.bit"
23:45:19 INFO  : Processor reset is completed for microblaze_0
23:45:40 INFO  : Processor reset is completed for microblaze_0
23:46:12 INFO  : Processor reset is completed for microblaze_0
23:46:58 INFO  : Processor reset is completed for microblaze_0
23:47:14 INFO  : Processor reset is completed for microblaze_0
23:47:49 INFO  : Processor reset is completed for microblaze_0
23:48:37 INFO  : Processor reset is completed for microblaze_0
23:49:38 INFO  : Processor reset is completed for microblaze_0
23:50:33 INFO  : Processor reset is completed for microblaze_0
23:51:21 INFO  : Processor reset is completed for microblaze_0
23:52:03 INFO  : Processor reset is completed for microblaze_0
23:52:57 INFO  : Processor reset is completed for microblaze_0
23:53:12 INFO  : Processor reset is completed for microblaze_0
23:54:33 INFO  : Processor reset is completed for microblaze_0
23:55:06 INFO  : Processor reset is completed for microblaze_0
23:55:52 INFO  : Processor reset is completed for microblaze_0
23:56:22 INFO  : Processor reset is completed for microblaze_0
23:57:16 INFO  : microblaze_0 Processor is in use. Please stop existing Run or Debug sessions before launching.
23:57:17 INFO  : Processor reset is completed for microblaze_0
23:58:00 INFO  : Processor reset is completed for microblaze_0
23:58:12 INFO  : Processor reset is completed for microblaze_0
23:58:18 INFO  : Processor reset is completed for microblaze_0
23:58:36 INFO  : Processor reset is completed for microblaze_0
23:59:23 INFO  : Processor reset is completed for microblaze_0
00:00:24 INFO  : microblaze_0 Processor is in use. Please stop existing Run or Debug sessions before launching.
00:00:26 INFO  : Processor reset is completed for microblaze_0
00:01:40 INFO  : Connected to target on host '127.0.0.1' and port '3121'.
00:01:40 INFO  : 'targets -set -filter {jtag_cable_name =~ "Digilent Basys3 210183A38577A" && level==0} -index 0' command is executed.
00:01:42 INFO  : FPGA configured successfully with bitstream "C:/ES3/Assessment_1_Calculator/Assessment_1_Calculator/Assessment_1_Calculator/es3_hw_assmnt_1/es3_hw_assmnt_1.sdk/top_hw_platform_0/download.bit"
00:02:23 INFO  : Processor reset is completed for microblaze_0
00:06:11 ERROR : Checking FPGA configuration failed..Connection to Board Failed


    Failed to open Cable Node jsn-Basys3-210183A8A92FA on TCP:127.0.0.1:3121


00:06:11 ERROR : Unexpected error while launching program.
com.xilinx.sdk.targetmanager.TMException: Connection to Board Failed


    Failed to open Cable Node jsn-Basys3-210183A8A92FA on TCP:127.0.0.1:3121


	at com.xilinx.sdk.targetmanager.internal.TM.isFPGAConfigured(TM.java:372)
	at com.xilinx.sdk.debug.core.XilinxAppLaunchConfigurationDelegate.isFpgaConfigured(XilinxAppLaunchConfigurationDelegate.java:381)
	at com.xilinx.sdk.debug.core.XilinxAppLaunchConfigurationDelegate.launch(XilinxAppLaunchConfigurationDelegate.java:290)
	at com.xilinx.sdk.debug.ui.XilinxAppLaunchDelegateWrapper.launch(XilinxAppLaunchDelegateWrapper.java:31)
	at org.eclipse.debug.internal.core.LaunchConfiguration.launch(LaunchConfiguration.java:858)
	at org.eclipse.debug.internal.core.LaunchConfiguration.launch(LaunchConfiguration.java:707)
	at org.eclipse.debug.internal.ui.DebugUIPlugin.buildAndLaunch(DebugUIPlugin.java:1018)
	at org.eclipse.debug.internal.ui.DebugUIPlugin$8.run(DebugUIPlugin.java:1222)
	at org.eclipse.core.internal.jobs.Worker.run(Worker.java:53)
00:06:45 INFO  : Connected to target on host '127.0.0.1' and port '3121'.
00:06:45 INFO  : 'targets -set -filter {jtag_cable_name =~ "Digilent Basys3 210183A38577A" && level==0} -index 0' command is executed.
00:06:47 INFO  : FPGA configured successfully with bitstream "C:/ES3/Assessment_1_Calculator/Assessment_1_Calculator/Assessment_1_Calculator/es3_hw_assmnt_1/es3_hw_assmnt_1.sdk/top_hw_platform_0/download.bit"
00:07:00 INFO  : Processor reset is completed for microblaze_0
00:08:48 INFO  : Processor reset is completed for microblaze_0
00:10:52 INFO  : microblaze_0 Processor is in use. Please stop existing Run or Debug sessions before launching.
00:10:53 INFO  : Processor reset is completed for microblaze_0
00:12:40 INFO  : Processor reset is completed for microblaze_0
00:15:29 INFO  : Processor reset is completed for microblaze_0
00:15:35 INFO  : microblaze_0 Processor is in use. Please stop existing Run or Debug sessions before launching.
00:15:37 INFO  : Processor reset is completed for microblaze_0
00:16:34 INFO  : Processor reset is completed for microblaze_0
00:17:38 INFO  : Processor reset is completed for microblaze_0
00:19:53 INFO  : Processor reset is completed for microblaze_0
00:21:18 INFO  : Processor reset is completed for microblaze_0
00:29:04 INFO  : Processor reset is completed for microblaze_0
00:29:51 INFO  : microblaze_0 Processor is in use. Please stop existing Run or Debug sessions before launching.
00:29:52 INFO  : Processor reset is completed for microblaze_0
00:31:18 INFO  : Processor reset is completed for microblaze_0
00:31:49 INFO  : Processor reset is completed for microblaze_0
00:32:29 INFO  : Processor reset is completed for microblaze_0
00:33:08 INFO  : Processor reset is completed for microblaze_0
00:34:30 INFO  : Processor reset is completed for microblaze_0
00:50:37 INFO  : Processor reset is completed for microblaze_0
00:52:09 INFO  : Processor reset is completed for microblaze_0
00:55:38 INFO  : Processor reset is completed for microblaze_0
00:56:38 INFO  : Processor reset is completed for microblaze_0
00:57:34 INFO  : Processor reset is completed for microblaze_0
00:57:49 INFO  : microblaze_0 Processor is in use. Please stop existing Run or Debug sessions before launching.
00:57:50 INFO  : Processor reset is completed for microblaze_0
00:59:16 INFO  : Processor reset is completed for microblaze_0
00:59:43 INFO  : Processor reset is completed for microblaze_0
01:02:30 INFO  : Processor reset is completed for microblaze_0
01:05:38 INFO  : Processor reset is completed for microblaze_0
01:13:29 INFO  : Processor reset is completed for microblaze_0
01:15:28 INFO  : Processor reset is completed for microblaze_0
01:16:59 INFO  : Processor reset is completed for microblaze_0
01:17:53 INFO  : microblaze_0 Processor is in use. Please stop existing Run or Debug sessions before launching.
01:17:55 INFO  : Processor reset is completed for microblaze_0
10:31:02 INFO  : Connected to target on host '127.0.0.1' and port '3121'.
10:31:02 INFO  : 'targets -set -filter {jtag_cable_name =~ "Digilent Basys3 210183A38577A" && level==0} -index 0' command is executed.
10:31:03 INFO  : FPGA configured successfully with bitstream "C:/ES3/Assessment_1_Calculator/Assessment_1_Calculator/Assessment_1_Calculator/es3_hw_assmnt_1/es3_hw_assmnt_1.sdk/top_hw_platform_0/download.bit"
10:31:07 INFO  : Processor reset is completed for microblaze_0
10:38:42 INFO  : Processor reset is completed for microblaze_0
10:41:15 INFO  : Processor reset is completed for microblaze_0
10:44:24 INFO  : Processor reset is completed for microblaze_0
10:46:00 INFO  : Processor reset is completed for microblaze_0
10:46:31 INFO  : Processor reset is completed for microblaze_0
10:55:42 INFO  : Processor reset is completed for microblaze_0
10:58:57 INFO  : Processor reset is completed for microblaze_0
11:04:41 INFO  : Processor reset is completed for microblaze_0
11:11:20 INFO  : Processor reset is completed for microblaze_0
14:40:08 ERROR : Unexpected error while launching program.
java.lang.RuntimeException: The program file specified in the launch configuration does not exist
	at com.xilinx.sdk.debug.core.XilinxAppLaunchConfigurationDelegate.runApplication(XilinxAppLaunchConfigurationDelegate.java:552)
	at com.xilinx.sdk.debug.core.XilinxAppLaunchConfigurationDelegate.launch(XilinxAppLaunchConfigurationDelegate.java:296)
	at com.xilinx.sdk.debug.ui.XilinxAppLaunchDelegateWrapper.launch(XilinxAppLaunchDelegateWrapper.java:31)
	at org.eclipse.debug.internal.core.LaunchConfiguration.launch(LaunchConfiguration.java:858)
	at org.eclipse.debug.internal.core.LaunchConfiguration.launch(LaunchConfiguration.java:707)
	at org.eclipse.debug.internal.ui.DebugUIPlugin.buildAndLaunch(DebugUIPlugin.java:1018)
	at org.eclipse.debug.internal.ui.DebugUIPlugin$8.run(DebugUIPlugin.java:1222)
	at org.eclipse.core.internal.jobs.Worker.run(Worker.java:53)
14:43:37 INFO  : Processor reset is completed for microblaze_0
14:47:25 INFO  : Processor reset is completed for microblaze_0
14:53:18 INFO  : microblaze_0 Processor is in use. Please stop existing Run or Debug sessions before launching.
14:53:20 INFO  : Processor reset is completed for microblaze_0
14:53:34 INFO  : microblaze_0 Processor is in use. Please stop existing Run or Debug sessions before launching.
14:53:36 INFO  : Processor reset is completed for microblaze_0
15:03:58 INFO  : Processor reset is completed for microblaze_0
15:19:00 INFO  : Processor reset is completed for microblaze_0
15:20:06 INFO  : Connected to target on host '127.0.0.1' and port '3121'.
15:20:06 INFO  : 'targets -set -filter {jtag_cable_name =~ "Digilent Basys3 210183A38577A" && level==0} -index 0' command is executed.
15:20:07 INFO  : FPGA configured successfully with bitstream "C:/ES3/Assessment_1_Calculator/Assessment_1_Calculator/Assessment_1_Calculator/es3_hw_assmnt_1/es3_hw_assmnt_1.sdk/top_hw_platform_0/download.bit"
15:23:13 INFO  : Processor reset is completed for microblaze_0
15:32:00 INFO  : Processor reset is completed for microblaze_0
15:32:24 INFO  : Processor reset is completed for microblaze_0
15:33:16 INFO  : Processor reset is completed for microblaze_0
15:35:27 INFO  : Processor reset is completed for microblaze_0
15:36:48 INFO  : microblaze_0 Processor is in use. Please stop existing Run or Debug sessions before launching.
15:36:50 INFO  : Processor reset is completed for microblaze_0
15:39:57 INFO  : Processor reset is completed for microblaze_0
15:41:22 INFO  : Processor reset is completed for microblaze_0
15:43:34 INFO  : Processor reset is completed for microblaze_0
15:43:55 INFO  : Processor reset is completed for microblaze_0
15:46:40 INFO  : Processor reset is completed for microblaze_0
15:50:11 INFO  : microblaze_0 Processor is in use. Please stop existing Run or Debug sessions before launching.
15:50:13 INFO  : Processor reset is completed for microblaze_0
15:53:53 INFO  : Processor reset is completed for microblaze_0
16:00:37 INFO  : Processor reset is completed for microblaze_0
17:56:28 INFO  : Processor reset is completed for microblaze_0
18:08:50 INFO  : Processor reset is completed for microblaze_0
18:08:53 INFO  : microblaze_0 Processor is in use. Please stop existing Run or Debug sessions before launching.
18:08:55 INFO  : Processor reset is completed for microblaze_0
18:09:15 INFO  : microblaze_0 Processor is in use. Please stop existing Run or Debug sessions before launching.
18:09:17 INFO  : Processor reset is completed for microblaze_0
18:17:38 INFO  : Processor reset is completed for microblaze_0
18:17:54 INFO  : microblaze_0 Processor is in use. Please stop existing Run or Debug sessions before launching.
18:17:56 INFO  : Processor reset is completed for microblaze_0
18:19:46 ERROR : Unexpected error while launching program.
com.xilinx.sdk.targetmanager.TMException: MicroBlaze is under RESET. Check if the Reset input to MicroBlaze and its Bus Interfaces are connected properly
    UNABLE to STOP MicroBlaze

	at com.xilinx.sdk.targetmanager.internal.TM.connectToProcessor(TM.java:481)
	at com.xilinx.sdk.debug.core.XilinxAppLaunchConfigurationDelegate.runTargetSetup(XilinxAppLaunchConfigurationDelegate.java:423)
	at com.xilinx.sdk.debug.core.XilinxAppLaunchConfigurationDelegate.runApplication(XilinxAppLaunchConfigurationDelegate.java:588)
	at com.xilinx.sdk.debug.core.XilinxAppLaunchConfigurationDelegate.launch(XilinxAppLaunchConfigurationDelegate.java:296)
	at com.xilinx.sdk.debug.ui.XilinxAppLaunchDelegateWrapper.launch(XilinxAppLaunchDelegateWrapper.java:31)
	at org.eclipse.debug.internal.core.LaunchConfiguration.launch(LaunchConfiguration.java:858)
	at org.eclipse.debug.internal.core.LaunchConfiguration.launch(LaunchConfiguration.java:707)
	at org.eclipse.debug.internal.ui.DebugUIPlugin.buildAndLaunch(DebugUIPlugin.java:1018)
	at org.eclipse.debug.internal.ui.DebugUIPlugin$8.run(DebugUIPlugin.java:1222)
	at org.eclipse.core.internal.jobs.Worker.run(Worker.java:53)
18:19:53 INFO  : Processor reset is completed for microblaze_0
18:23:35 INFO  : Processor reset is completed for microblaze_0
18:23:40 INFO  : microblaze_0 Processor is in use. Please stop existing Run or Debug sessions before launching.
18:23:42 INFO  : Processor reset is completed for microblaze_0
18:49:16 INFO  : Processor reset is completed for microblaze_0
18:50:39 INFO  : Processor reset is completed for microblaze_0
18:51:11 INFO  : Processor reset is completed for microblaze_0
18:51:43 INFO  : microblaze_0 Processor is in use. Please stop existing Run or Debug sessions before launching.
18:51:44 INFO  : Processor reset is completed for microblaze_0
18:52:34 INFO  : Processor reset is completed for microblaze_0
18:53:14 INFO  : Processor reset is completed for microblaze_0
18:54:14 INFO  : Processor reset is completed for microblaze_0
18:58:54 INFO  : Processor reset is completed for microblaze_0
19:02:19 INFO  : Processor reset is completed for microblaze_0
19:02:38 INFO  : microblaze_0 Processor is in use. Please stop existing Run or Debug sessions before launching.
19:02:40 INFO  : Processor reset is completed for microblaze_0
19:03:38 INFO  : Processor reset is completed for microblaze_0
19:04:54 INFO  : Processor reset is completed for microblaze_0
19:05:38 INFO  : Processor reset is completed for microblaze_0
19:05:42 INFO  : microblaze_0 Processor is in use. Please stop existing Run or Debug sessions before launching.
19:05:43 INFO  : Processor reset is completed for microblaze_0
19:06:44 INFO  : Processor reset is completed for microblaze_0
19:07:00 INFO  : microblaze_0 Processor is in use. Please stop existing Run or Debug sessions before launching.
19:07:01 INFO  : Processor reset is completed for microblaze_0
19:08:51 INFO  : Processor reset is completed for microblaze_0
19:13:17 INFO  : Processor reset is completed for microblaze_0
19:13:33 INFO  : Processor reset is completed for microblaze_0
19:14:42 INFO  : Processor reset is completed for microblaze_0
19:19:42 INFO  : Processor reset is completed for microblaze_0
19:20:32 INFO  : Processor reset is completed for microblaze_0
19:20:40 INFO  : microblaze_0 Processor is in use. Please stop existing Run or Debug sessions before launching.
19:20:42 INFO  : Processor reset is completed for microblaze_0
19:21:29 INFO  : Processor reset is completed for microblaze_0
19:22:33 INFO  : Processor reset is completed for microblaze_0
19:23:24 INFO  : Processor reset is completed for microblaze_0
19:23:44 INFO  : microblaze_0 Processor is in use. Please stop existing Run or Debug sessions before launching.
19:23:46 INFO  : Processor reset is completed for microblaze_0
19:24:53 INFO  : Processor reset is completed for microblaze_0
19:26:08 INFO  : Processor reset is completed for microblaze_0
19:26:42 INFO  : Processor reset is completed for microblaze_0
19:27:07 INFO  : Processor reset is completed for microblaze_0
20:07:10 INFO  : Processor reset is completed for microblaze_0
20:07:44 INFO  : Processor reset is completed for microblaze_0
20:08:24 INFO  : microblaze_0 Processor is in use. Please stop existing Run or Debug sessions before launching.
20:08:28 INFO  : Processor reset is completed for microblaze_0
20:20:30 INFO  : Processor reset is completed for microblaze_0
20:21:16 INFO  : Processor reset is completed for microblaze_0
20:22:23 INFO  : Processor reset is completed for microblaze_0
20:23:06 INFO  : Processor reset is completed for microblaze_0
20:24:30 INFO  : microblaze_0 Processor is in use. Please stop existing Run or Debug sessions before launching.
20:24:34 INFO  : Processor reset is completed for microblaze_0
20:27:31 INFO  : Processor reset is completed for microblaze_0
20:27:43 INFO  : Processor reset is completed for microblaze_0
20:27:48 INFO  : microblaze_0 Processor is in use. Please stop existing Run or Debug sessions before launching.
20:27:49 INFO  : Processor reset is completed for microblaze_0
20:27:52 INFO  : microblaze_0 Processor is in use. Please stop existing Run or Debug sessions before launching.
20:27:53 INFO  : Processor reset is completed for microblaze_0
20:30:36 INFO  : Processor reset is completed for microblaze_0
20:31:17 INFO  : Processor reset is completed for microblaze_0
20:33:32 INFO  : Processor reset is completed for microblaze_0
20:36:17 INFO  : Processor reset is completed for microblaze_0
20:37:41 INFO  : Processor reset is completed for microblaze_0
20:41:13 INFO  : Processor reset is completed for microblaze_0
20:43:41 INFO  : microblaze_0 Processor is in use. Please stop existing Run or Debug sessions before launching.
20:43:42 INFO  : Processor reset is completed for microblaze_0
20:44:08 INFO  : microblaze_0 Processor is in use. Please stop existing Run or Debug sessions before launching.
20:44:10 INFO  : Processor reset is completed for microblaze_0
20:49:18 INFO  : Processor reset is completed for microblaze_0
20:52:32 INFO  : Processor reset is completed for microblaze_0
20:54:41 INFO  : microblaze_0 Processor is in use. Please stop existing Run or Debug sessions before launching.
20:54:44 INFO  : Processor reset is completed for microblaze_0
20:55:00 INFO  : Processor reset is completed for microblaze_0
20:58:31 INFO  : Processor reset is completed for microblaze_0
21:06:25 INFO  : Processor reset is completed for microblaze_0
21:07:52 INFO  : Processor reset is completed for microblaze_0
21:09:16 INFO  : Processor reset is completed for microblaze_0
21:21:54 INFO  : Processor reset is completed for microblaze_0
21:34:18 INFO  : Processor reset is completed for microblaze_0
21:37:35 INFO  : Processor reset is completed for microblaze_0
21:40:37 INFO  : Processor reset is completed for microblaze_0
21:41:23 INFO  : Processor reset is completed for microblaze_0
15:55:27 ERROR : Unexpected error while launching program.
com.xilinx.sdk.targetmanager.TMException: Could not detect MDM peripheral on hardware. Please check:
    1. If FPGA is configured correctly
    2. MDM Core is instantiated in the design
    3. If the correct FPGA is referred, in case of multiple FPGAs
    4. If the correct MDM is referred, in case of a multiple MDM system
    

	at com.xilinx.sdk.targetmanager.internal.TM.connectToProcessor(TM.java:481)
	at com.xilinx.sdk.debug.core.XilinxAppLaunchConfigurationDelegate.runTargetSetup(XilinxAppLaunchConfigurationDelegate.java:423)
	at com.xilinx.sdk.debug.core.XilinxAppLaunchConfigurationDelegate.runApplication(XilinxAppLaunchConfigurationDelegate.java:588)
	at com.xilinx.sdk.debug.core.XilinxAppLaunchConfigurationDelegate.launch(XilinxAppLaunchConfigurationDelegate.java:296)
	at com.xilinx.sdk.debug.ui.XilinxAppLaunchDelegateWrapper.launch(XilinxAppLaunchDelegateWrapper.java:31)
	at org.eclipse.debug.internal.core.LaunchConfiguration.launch(LaunchConfiguration.java:858)
	at org.eclipse.debug.internal.core.LaunchConfiguration.launch(LaunchConfiguration.java:707)
	at org.eclipse.debug.internal.ui.DebugUIPlugin.buildAndLaunch(DebugUIPlugin.java:1018)
	at org.eclipse.debug.internal.ui.DebugUIPlugin$8.run(DebugUIPlugin.java:1222)
	at org.eclipse.core.internal.jobs.Worker.run(Worker.java:53)
15:56:19 INFO  : Connected to target on host '127.0.0.1' and port '3121'.
15:56:19 INFO  : 'targets -set -filter {jtag_cable_name =~ "Digilent Basys3 210183A38577A" && level==0} -index 0' command is executed.
15:56:21 INFO  : FPGA configured successfully with bitstream "C:/ES3/Assessment_1_Calculator/Assessment_1_Calculator/Assessment_1_Calculator/es3_hw_assmnt_1/es3_hw_assmnt_1.sdk/top_hw_platform_0/download.bit"
15:57:00 INFO  : Processor reset is completed for microblaze_0
16:03:22 INFO  : Processor reset is completed for microblaze_0
16:03:40 INFO  : Processor reset is completed for microblaze_0
16:05:49 INFO  : Processor reset is completed for microblaze_0
16:06:44 INFO  : microblaze_0 Processor is in use. Please stop existing Run or Debug sessions before launching.
16:06:46 INFO  : Processor reset is completed for microblaze_0
16:07:09 INFO  : Processor reset is completed for microblaze_0
16:07:47 INFO  : microblaze_0 Processor is in use. Please stop existing Run or Debug sessions before launching.
16:07:49 INFO  : Processor reset is completed for microblaze_0
16:08:13 INFO  : Processor reset is completed for microblaze_0
16:08:47 INFO  : microblaze_0 Processor is in use. Please stop existing Run or Debug sessions before launching.
16:08:51 INFO  : Processor reset is completed for microblaze_0
16:09:29 INFO  : Processor reset is completed for microblaze_0
16:10:45 INFO  : Processor reset is completed for microblaze_0
16:11:35 INFO  : Processor reset is completed for microblaze_0
16:12:11 INFO  : Processor reset is completed for microblaze_0
16:12:40 INFO  : Processor reset is completed for microblaze_0
16:13:33 INFO  : Processor reset is completed for microblaze_0
16:14:12 INFO  : microblaze_0 Processor is in use. Please stop existing Run or Debug sessions before launching.
16:14:13 INFO  : Processor reset is completed for microblaze_0
16:23:20 INFO  : Processor reset is completed for microblaze_0
16:23:44 INFO  : microblaze_0 Processor is in use. Please stop existing Run or Debug sessions before launching.
16:23:45 INFO  : Processor reset is completed for microblaze_0
16:25:49 INFO  : microblaze_0 Processor is in use. Please stop existing Run or Debug sessions before launching.
16:25:51 INFO  : Processor reset is completed for microblaze_0
16:26:08 INFO  : microblaze_0 Processor is in use. Please stop existing Run or Debug sessions before launching.
16:26:10 INFO  : Processor reset is completed for microblaze_0
16:29:38 INFO  : Processor reset is completed for microblaze_0
16:34:09 INFO  : Processor reset is completed for microblaze_0
16:37:59 INFO  : Processor reset is completed for microblaze_0
16:38:35 INFO  : Processor reset is completed for microblaze_0
16:42:28 INFO  : Processor reset is completed for microblaze_0
16:43:41 INFO  : Processor reset is completed for microblaze_0
16:45:45 INFO  : Processor reset is completed for microblaze_0
16:49:50 INFO  : Processor reset is completed for microblaze_0
16:50:52 INFO  : Processor reset is completed for microblaze_0
16:53:06 INFO  : Processor reset is completed for microblaze_0
16:54:15 INFO  : Processor reset is completed for microblaze_0
16:55:53 INFO  : Processor reset is completed for microblaze_0
16:57:28 INFO  : Processor reset is completed for microblaze_0
17:00:01 INFO  : Processor reset is completed for microblaze_0
17:00:31 INFO  : microblaze_0 Processor is in use. Please stop existing Run or Debug sessions before launching.
17:00:33 INFO  : Processor reset is completed for microblaze_0
17:03:08 INFO  : Processor reset is completed for microblaze_0
17:03:49 INFO  : Processor reset is completed for microblaze_0
17:05:54 INFO  : Processor reset is completed for microblaze_0
17:06:19 INFO  : Processor reset is completed for microblaze_0
17:06:37 INFO  : microblaze_0 Processor is in use. Please stop existing Run or Debug sessions before launching.
17:06:39 INFO  : Processor reset is completed for microblaze_0
17:07:06 INFO  : Processor reset is completed for microblaze_0
17:07:26 INFO  : Processor reset is completed for microblaze_0
17:11:28 INFO  : Processor reset is completed for microblaze_0
17:12:54 INFO  : microblaze_0 Processor is in use. Please stop existing Run or Debug sessions before launching.
17:12:56 INFO  : Processor reset is completed for microblaze_0
17:17:51 INFO  : Processor reset is completed for microblaze_0
17:19:35 INFO  : Processor reset is completed for microblaze_0
17:20:38 INFO  : Processor reset is completed for microblaze_0
17:22:02 INFO  : Processor reset is completed for microblaze_0
17:23:02 INFO  : Processor reset is completed for microblaze_0
17:24:25 INFO  : Processor reset is completed for microblaze_0
17:25:53 INFO  : Processor reset is completed for microblaze_0
17:33:21 INFO  : Processor reset is completed for microblaze_0
17:43:08 INFO  : Processor reset is completed for microblaze_0
17:44:08 INFO  : Processor reset is completed for microblaze_0
17:45:44 INFO  : Processor reset is completed for microblaze_0
17:46:20 INFO  : Processor reset is completed for microblaze_0
17:48:35 INFO  : Processor reset is completed for microblaze_0
17:48:53 INFO  : Processor reset is completed for microblaze_0
17:50:00 INFO  : Processor reset is completed for microblaze_0
17:53:23 INFO  : microblaze_0 Processor is in use. Please stop existing Run or Debug sessions before launching.
17:53:26 INFO  : Processor reset is completed for microblaze_0
17:53:50 INFO  : Processor reset is completed for microblaze_0
17:54:41 INFO  : Processor reset is completed for microblaze_0
17:55:02 INFO  : Processor reset is completed for microblaze_0
17:55:37 INFO  : Processor reset is completed for microblaze_0
17:58:50 INFO  : Processor reset is completed for microblaze_0
17:59:26 INFO  : microblaze_0 Processor is in use. Please stop existing Run or Debug sessions before launching.
17:59:27 INFO  : Processor reset is completed for microblaze_0
17:59:38 INFO  : microblaze_0 Processor is in use. Please stop existing Run or Debug sessions before launching.
17:59:40 INFO  : Processor reset is completed for microblaze_0
17:59:50 INFO  : microblaze_0 Processor is in use. Please stop existing Run or Debug sessions before launching.
17:59:53 INFO  : Processor reset is completed for microblaze_0
18:00:18 INFO  : Processor reset is completed for microblaze_0
18:02:04 INFO  : microblaze_0 Processor is in use. Please stop existing Run or Debug sessions before launching.
18:02:07 INFO  : Processor reset is completed for microblaze_0
18:02:34 INFO  : Processor reset is completed for microblaze_0
18:06:06 INFO  : Processor reset is completed for microblaze_0
18:07:56 INFO  : microblaze_0 Processor is in use. Please stop existing Run or Debug sessions before launching.
18:07:57 INFO  : Processor reset is completed for microblaze_0
18:08:19 INFO  : Processor reset is completed for microblaze_0
18:09:38 INFO  : microblaze_0 Processor is in use. Please stop existing Run or Debug sessions before launching.
18:09:40 INFO  : Processor reset is completed for microblaze_0
18:10:36 INFO  : microblaze_0 Processor is in use. Please stop existing Run or Debug sessions before launching.
18:10:37 INFO  : Processor reset is completed for microblaze_0
18:11:22 INFO  : microblaze_0 Processor is in use. Please stop existing Run or Debug sessions before launching.
18:11:23 INFO  : Processor reset is completed for microblaze_0
18:12:55 INFO  : Processor reset is completed for microblaze_0
18:13:49 INFO  : Processor reset is completed for microblaze_0
18:14:21 INFO  : Processor reset is completed for microblaze_0
18:15:28 INFO  : Processor reset is completed for microblaze_0
18:15:49 INFO  : Processor reset is completed for microblaze_0
18:52:30 INFO  : Processor reset is completed for microblaze_0
18:55:16 INFO  : Processor reset is completed for microblaze_0
18:55:55 INFO  : microblaze_0 Processor is in use. Please stop existing Run or Debug sessions before launching.
18:55:59 INFO  : Processor reset is completed for microblaze_0
18:56:30 INFO  : microblaze_0 Processor is in use. Please stop existing Run or Debug sessions before launching.
18:56:32 INFO  : Processor reset is completed for microblaze_0
18:58:31 INFO  : Processor reset is completed for microblaze_0
18:59:09 INFO  : microblaze_0 Processor is in use. Please stop existing Run or Debug sessions before launching.
18:59:11 INFO  : Processor reset is completed for microblaze_0
18:59:40 INFO  : microblaze_0 Processor is in use. Please stop existing Run or Debug sessions before launching.
18:59:42 INFO  : Processor reset is completed for microblaze_0
19:09:28 INFO  : Processor reset is completed for microblaze_0
19:10:21 INFO  : Processor reset is completed for microblaze_0
19:10:38 INFO  : Processor reset is completed for microblaze_0
19:11:40 INFO  : microblaze_0 Processor is in use. Please stop existing Run or Debug sessions before launching.
19:11:42 INFO  : Processor reset is completed for microblaze_0
19:13:02 INFO  : microblaze_0 Processor is in use. Please stop existing Run or Debug sessions before launching.
19:13:04 INFO  : Processor reset is completed for microblaze_0
19:18:46 INFO  : Processor reset is completed for microblaze_0
19:19:57 INFO  : Processor reset is completed for microblaze_0
19:22:17 INFO  : Processor reset is completed for microblaze_0
19:25:30 INFO  : Processor reset is completed for microblaze_0
19:34:03 INFO  : Processor reset is completed for microblaze_0
19:49:28 INFO  : Processor reset is completed for microblaze_0
23:40:57 INFO  : Processor reset is completed for microblaze_0
23:44:28 INFO  : Processor reset is completed for microblaze_0
23:46:55 INFO  : Processor reset is completed for microblaze_0
23:51:52 INFO  : Processor reset is completed for microblaze_0
00:04:36 INFO  : Processor reset is completed for microblaze_0
00:06:13 INFO  : Processor reset is completed for microblaze_0
00:06:37 INFO  : microblaze_0 Processor is in use. Please stop existing Run or Debug sessions before launching.
00:06:39 INFO  : Processor reset is completed for microblaze_0
00:07:01 INFO  : Processor reset is completed for microblaze_0
00:07:37 INFO  : Processor reset is completed for microblaze_0
00:08:15 INFO  : Processor reset is completed for microblaze_0
00:08:53 INFO  : Processor reset is completed for microblaze_0
00:10:49 INFO  : Processor reset is completed for microblaze_0
00:14:02 INFO  : Processor reset is completed for microblaze_0
00:15:49 INFO  : Processor reset is completed for microblaze_0
00:21:07 INFO  : Processor reset is completed for microblaze_0
00:22:24 INFO  : Processor reset is completed for microblaze_0
00:23:22 INFO  : Processor reset is completed for microblaze_0
00:23:48 INFO  : Processor reset is completed for microblaze_0
00:25:05 INFO  : Processor reset is completed for microblaze_0
00:25:54 INFO  : Processor reset is completed for microblaze_0
00:28:31 INFO  : Processor reset is completed for microblaze_0
00:39:42 INFO  : Processor reset is completed for microblaze_0
00:43:19 INFO  : Processor reset is completed for microblaze_0
00:46:52 INFO  : Processor reset is completed for microblaze_0
00:48:13 INFO  : microblaze_0 Processor is in use. Please stop existing Run or Debug sessions before launching.
00:48:15 INFO  : Processor reset is completed for microblaze_0
00:58:00 INFO  : Processor reset is completed for microblaze_0
00:59:18 INFO  : Processor reset is completed for microblaze_0
01:00:00 INFO  : Processor reset is completed for microblaze_0
01:00:54 INFO  : Processor reset is completed for microblaze_0
01:02:55 INFO  : Processor reset is completed for microblaze_0
01:10:25 INFO  : Processor reset is completed for microblaze_0
01:17:55 INFO  : Processor reset is completed for microblaze_0
01:32:30 INFO  : Processor reset is completed for microblaze_0
01:35:20 INFO  : Processor reset is completed for microblaze_0
01:37:17 INFO  : Processor reset is completed for microblaze_0
01:41:19 INFO  : Processor reset is completed for microblaze_0
01:42:37 INFO  : Processor reset is completed for microblaze_0
01:44:25 INFO  : Processor reset is completed for microblaze_0
01:44:47 INFO  : microblaze_0 Processor is in use. Please stop existing Run or Debug sessions before launching.
01:44:50 INFO  : Processor reset is completed for microblaze_0
01:45:43 INFO  : microblaze_0 Processor is in use. Please stop existing Run or Debug sessions before launching.
01:45:47 INFO  : Processor reset is completed for microblaze_0
01:46:35 INFO  : Processor reset is completed for microblaze_0
01:46:57 INFO  : microblaze_0 Processor is in use. Please stop existing Run or Debug sessions before launching.
01:46:59 INFO  : Processor reset is completed for microblaze_0
01:47:45 INFO  : microblaze_0 Processor is in use. Please stop existing Run or Debug sessions before launching.
01:47:46 INFO  : Processor reset is completed for microblaze_0
01:55:05 INFO  : Processor reset is completed for microblaze_0
01:56:55 INFO  : Processor reset is completed for microblaze_0
02:01:19 INFO  : Processor reset is completed for microblaze_0
02:02:15 INFO  : microblaze_0 Processor is in use. Please stop existing Run or Debug sessions before launching.
02:02:18 INFO  : Processor reset is completed for microblaze_0
02:02:55 INFO  : Processor reset is completed for microblaze_0
02:06:10 INFO  : microblaze_0 Processor is in use. Please stop existing Run or Debug sessions before launching.
02:06:12 INFO  : Processor reset is completed for microblaze_0
02:07:31 INFO  : Processor reset is completed for microblaze_0
02:08:22 INFO  : Processor reset is completed for microblaze_0
02:11:01 INFO  : Processor reset is completed for microblaze_0
02:16:48 INFO  : Processor reset is completed for microblaze_0
03:46:08 INFO  : Processor reset is completed for microblaze_0
03:47:25 INFO  : microblaze_0 Processor is in use. Please stop existing Run or Debug sessions before launching.
03:47:27 INFO  : Processor reset is completed for microblaze_0
03:47:55 INFO  : microblaze_0 Processor is in use. Please stop existing Run or Debug sessions before launching.
03:47:57 INFO  : Processor reset is completed for microblaze_0
03:48:20 INFO  : microblaze_0 Processor is in use. Please stop existing Run or Debug sessions before launching.
03:48:21 INFO  : Processor reset is completed for microblaze_0
03:48:37 INFO  : Processor reset is completed for microblaze_0
03:49:00 INFO  : microblaze_0 Processor is in use. Please stop existing Run or Debug sessions before launching.
03:49:01 INFO  : Processor reset is completed for microblaze_0
03:50:48 INFO  : microblaze_0 Processor is in use. Please stop existing Run or Debug sessions before launching.
03:50:50 INFO  : Processor reset is completed for microblaze_0
03:52:42 INFO  : microblaze_0 Processor is in use. Please stop existing Run or Debug sessions before launching.
03:52:44 INFO  : Processor reset is completed for microblaze_0
03:54:13 INFO  : microblaze_0 Processor is in use. Please stop existing Run or Debug sessions before launching.
03:54:15 INFO  : Processor reset is completed for microblaze_0
03:55:49 INFO  : microblaze_0 Processor is in use. Please stop existing Run or Debug sessions before launching.
03:55:51 INFO  : Processor reset is completed for microblaze_0
03:56:41 INFO  : microblaze_0 Processor is in use. Please stop existing Run or Debug sessions before launching.
03:56:43 INFO  : Processor reset is completed for microblaze_0
04:00:28 INFO  : Processor reset is completed for microblaze_0
04:08:35 INFO  : Processor reset is completed for microblaze_0
04:08:41 INFO  : microblaze_0 Processor is in use. Please stop existing Run or Debug sessions before launching.
04:08:42 INFO  : Processor reset is completed for microblaze_0
04:09:55 INFO  : microblaze_0 Processor is in use. Please stop existing Run or Debug sessions before launching.
04:09:56 INFO  : Processor reset is completed for microblaze_0
04:12:05 INFO  : microblaze_0 Processor is in use. Please stop existing Run or Debug sessions before launching.
04:12:06 INFO  : Processor reset is completed for microblaze_0
04:12:41 INFO  : microblaze_0 Processor is in use. Please stop existing Run or Debug sessions before launching.
04:12:44 INFO  : Processor reset is completed for microblaze_0
04:15:22 INFO  : microblaze_0 Processor is in use. Please stop existing Run or Debug sessions before launching.
04:15:24 INFO  : Processor reset is completed for microblaze_0
04:16:59 INFO  : Processor reset is completed for microblaze_0
04:18:29 INFO  : Processor reset is completed for microblaze_0
04:19:12 INFO  : microblaze_0 Processor is in use. Please stop existing Run or Debug sessions before launching.
04:19:13 INFO  : Processor reset is completed for microblaze_0
12:05:47 INFO  : Connected to target on host '127.0.0.1' and port '3121'.
12:05:47 INFO  : 'targets -set -filter {jtag_cable_name =~ "Digilent Basys3 210183A38577A" && level==0} -index 0' command is executed.
12:05:49 INFO  : FPGA configured successfully with bitstream "C:/ES3/Assessment_1_Calculator/Assessment_1_Calculator/Assessment_1_Calculator/es3_hw_assmnt_1/es3_hw_assmnt_1.sdk/top_hw_platform_0/download.bit"
12:06:14 INFO  : Processor reset is completed for microblaze_0
12:06:28 INFO  : microblaze_0 Processor is in use. Please stop existing Run or Debug sessions before launching.
12:06:30 INFO  : Processor reset is completed for microblaze_0
12:06:39 INFO  : microblaze_0 Processor is in use. Please stop existing Run or Debug sessions before launching.
12:06:40 INFO  : Processor reset is completed for microblaze_0
12:06:55 INFO  : Processor reset is completed for microblaze_0
12:07:05 INFO  : microblaze_0 Processor is in use. Please stop existing Run or Debug sessions before launching.
12:07:07 INFO  : Processor reset is completed for microblaze_0
12:08:37 INFO  : Processor reset is completed for microblaze_0
12:09:23 INFO  : microblaze_0 Processor is in use. Please stop existing Run or Debug sessions before launching.
12:09:24 INFO  : Processor reset is completed for microblaze_0
12:09:57 INFO  : microblaze_0 Processor is in use. Please stop existing Run or Debug sessions before launching.
12:09:58 INFO  : Processor reset is completed for microblaze_0
12:14:25 INFO  : Processor reset is completed for microblaze_0
12:16:06 INFO  : Processor reset is completed for microblaze_0
12:16:16 INFO  : Processor reset is completed for microblaze_0
12:18:09 INFO  : Processor reset is completed for microblaze_0
12:18:40 INFO  : microblaze_0 Processor is in use. Please stop existing Run or Debug sessions before launching.
12:18:42 INFO  : Processor reset is completed for microblaze_0
12:19:13 INFO  : microblaze_0 Processor is in use. Please stop existing Run or Debug sessions before launching.
12:19:14 INFO  : Processor reset is completed for microblaze_0
12:33:16 INFO  : Processor reset is completed for microblaze_0
12:45:30 INFO  : microblaze_0 Processor is in use. Please stop existing Run or Debug sessions before launching.
12:45:33 INFO  : Processor reset is completed for microblaze_0
12:47:18 INFO  : microblaze_0 Processor is in use. Please stop existing Run or Debug sessions before launching.
12:47:20 INFO  : Processor reset is completed for microblaze_0
12:47:55 INFO  : microblaze_0 Processor is in use. Please stop existing Run or Debug sessions before launching.
12:47:57 INFO  : Processor reset is completed for microblaze_0
12:49:10 INFO  : microblaze_0 Processor is in use. Please stop existing Run or Debug sessions before launching.
12:49:12 INFO  : Processor reset is completed for microblaze_0
12:50:03 INFO  : microblaze_0 Processor is in use. Please stop existing Run or Debug sessions before launching.
12:50:05 INFO  : Processor reset is completed for microblaze_0
12:50:09 INFO  : microblaze_0 Processor is in use. Please stop existing Run or Debug sessions before launching.
12:50:10 INFO  : Processor reset is completed for microblaze_0
12:51:38 INFO  : microblaze_0 Processor is in use. Please stop existing Run or Debug sessions before launching.
12:51:39 INFO  : Processor reset is completed for microblaze_0
12:54:26 INFO  : Processor reset is completed for microblaze_0
12:57:57 INFO  : Processor reset is completed for microblaze_0
13:00:20 INFO  : Processor reset is completed for microblaze_0
13:04:56 INFO  : Processor reset is completed for microblaze_0
13:21:15 INFO  : Processor reset is completed for microblaze_0
14:31:05 INFO  : Processor reset is completed for microblaze_0
14:31:14 INFO  : microblaze_0 Processor is in use. Please stop existing Run or Debug sessions before launching.
14:31:16 INFO  : Processor reset is completed for microblaze_0
14:32:03 INFO  : Processor reset is completed for microblaze_0
14:32:41 INFO  : microblaze_0 Processor is in use. Please stop existing Run or Debug sessions before launching.
14:32:43 INFO  : Processor reset is completed for microblaze_0
14:32:57 INFO  : microblaze_0 Processor is in use. Please stop existing Run or Debug sessions before launching.
14:32:59 INFO  : Processor reset is completed for microblaze_0
14:33:18 INFO  : microblaze_0 Processor is in use. Please stop existing Run or Debug sessions before launching.
14:33:20 INFO  : Processor reset is completed for microblaze_0
14:33:55 INFO  : Connected to target on host '127.0.0.1' and port '3121'.
14:33:55 INFO  : 'targets -set -filter {jtag_cable_name =~ "Digilent Basys3 210183A38577A" && level==0} -index 0' command is executed.
14:33:56 INFO  : FPGA configured successfully with bitstream "C:/ES3/Assessment_1_Calculator/Assessment_1_Calculator/Assessment_1_Calculator/es3_hw_assmnt_1/es3_hw_assmnt_1.sdk/top_hw_platform_0/download.bit"
14:34:04 INFO  : Processor reset is completed for microblaze_0
14:36:06 INFO  : Processor reset is completed for microblaze_0
14:36:26 INFO  : microblaze_0 Processor is in use. Please stop existing Run or Debug sessions before launching.
14:36:28 INFO  : Processor reset is completed for microblaze_0
14:36:40 INFO  : Processor reset is completed for microblaze_0
14:39:30 INFO  : microblaze_0 Processor is in use. Please stop existing Run or Debug sessions before launching.
14:39:32 INFO  : Processor reset is completed for microblaze_0
14:40:36 INFO  : Processor reset is completed for microblaze_0
14:40:58 INFO  : microblaze_0 Processor is in use. Please stop existing Run or Debug sessions before launching.
14:40:59 INFO  : Processor reset is completed for microblaze_0
14:41:36 INFO  : microblaze_0 Processor is in use. Please stop existing Run or Debug sessions before launching.
14:41:38 INFO  : Processor reset is completed for microblaze_0
14:41:59 INFO  : microblaze_0 Processor is in use. Please stop existing Run or Debug sessions before launching.
14:42:01 INFO  : Processor reset is completed for microblaze_0
14:42:21 INFO  : microblaze_0 Processor is in use. Please stop existing Run or Debug sessions before launching.
14:42:22 INFO  : Processor reset is completed for microblaze_0
14:42:35 INFO  : microblaze_0 Processor is in use. Please stop existing Run or Debug sessions before launching.
14:42:36 INFO  : Processor reset is completed for microblaze_0
14:42:51 INFO  : microblaze_0 Processor is in use. Please stop existing Run or Debug sessions before launching.
14:42:52 INFO  : Processor reset is completed for microblaze_0
14:43:03 INFO  : microblaze_0 Processor is in use. Please stop existing Run or Debug sessions before launching.
14:43:04 INFO  : Processor reset is completed for microblaze_0
14:43:34 INFO  : microblaze_0 Processor is in use. Please stop existing Run or Debug sessions before launching.
14:43:36 INFO  : Processor reset is completed for microblaze_0
14:43:51 INFO  : microblaze_0 Processor is in use. Please stop existing Run or Debug sessions before launching.
14:43:52 INFO  : Processor reset is completed for microblaze_0
14:45:07 INFO  : microblaze_0 Processor is in use. Please stop existing Run or Debug sessions before launching.
14:45:08 INFO  : Processor reset is completed for microblaze_0
14:47:08 INFO  : microblaze_0 Processor is in use. Please stop existing Run or Debug sessions before launching.
14:47:09 INFO  : Processor reset is completed for microblaze_0
14:48:51 INFO  : Processor reset is completed for microblaze_0
14:50:10 INFO  : Processor reset is completed for microblaze_0
14:50:56 INFO  : Processor reset is completed for microblaze_0
15:12:17 INFO  : Processor reset is completed for microblaze_0
15:14:13 INFO  : microblaze_0 Processor is in use. Please stop existing Run or Debug sessions before launching.
15:14:15 INFO  : Processor reset is completed for microblaze_0
15:14:50 INFO  : microblaze_0 Processor is in use. Please stop existing Run or Debug sessions before launching.
15:14:53 INFO  : Processor reset is completed for microblaze_0
15:16:38 INFO  : Processor reset is completed for microblaze_0
15:24:24 INFO  : Processor reset is completed for microblaze_0
23:57:39 INFO  : Connected to target on host '127.0.0.1' and port '3121'.
23:57:39 INFO  : 'targets -set -filter {jtag_cable_name =~ "Digilent Basys3 210183A38577A" && level==0} -index 0' command is executed.
23:57:41 INFO  : FPGA configured successfully with bitstream "C:/ES3/Assessment_1_Calculator/Assessment_1_Calculator/Assessment_1_Calculator/es3_hw_assmnt_1/es3_hw_assmnt_1.sdk/top_hw_platform_0/download.bit"
23:58:08 INFO  : Processor reset is completed for microblaze_0
00:00:26 INFO  : Processor reset is completed for microblaze_0
00:02:30 INFO  : Connected to target on host '127.0.0.1' and port '3121'.
00:02:30 INFO  : 'targets -set -filter {jtag_cable_name =~ "Digilent Basys3 210183A38577A" && level==0} -index 0' command is executed.
00:02:31 INFO  : FPGA configured successfully with bitstream "C:/ES3/Assessment_1_Calculator/Assessment_1_Calculator/Assessment_1_Calculator/es3_hw_assmnt_1/es3_hw_assmnt_1.sdk/top_hw_platform_0/download.bit"
00:03:02 INFO  : Connected to target on host '127.0.0.1' and port '3121'.
00:03:02 INFO  : 'targets -set -filter {jtag_cable_name =~ "Digilent Basys3 210183A38577A" && level==0} -index 0' command is executed.
00:03:04 INFO  : FPGA configured successfully with bitstream "C:/ES3/Assessment_1_Calculator/Assessment_1_Calculator/Assessment_1_Calculator/es3_hw_assmnt_1/es3_hw_assmnt_1.sdk/top_hw_platform_0/download.bit"
00:03:21 INFO  : Processor reset is completed for microblaze_0
03:58:13 ERROR : Unexpected error while parsing XMD response ?: com.google.gson.JsonSyntaxException: com.google.gson.stream.MalformedJsonException: invalid number or unquoted string near 
14:05:16 INFO  : Launching XSDB server: xsdb.bat -s C:/Xilinx/SDK/2015.2/scripts/xsdb/xsdb/xsdb-server.tcl
14:05:18 INFO  : XSDB server has started successfully.
14:05:19 INFO  : Processing command line option -hwspec C:/ES3/Assessment_1_Calculator/Assessment_1_Calculator/Assessment_1_Calculator/es3_hw_assmnt_1/es3_hw_assmnt_1.sdk/top.hdf.
14:05:21 INFO  : Checking for hwspec changes in the project top_hw_platform_0.
14:05:56 INFO  : Connected to target on host '127.0.0.1' and port '3121'.
14:05:56 INFO  : 'targets -set -filter {jtag_cable_name =~ "Digilent Basys3 210183A38577A" && level==0} -index 0' command is executed.
14:05:58 INFO  : FPGA configured successfully with bitstream "C:/ES3/Assessment_1_Calculator/Assessment_1_Calculator/Assessment_1_Calculator/es3_hw_assmnt_1/es3_hw_assmnt_1.sdk/top_hw_platform_0/download.bit"
14:06:13 INFO  : Processor reset is completed for microblaze_0
14:10:36 INFO  : Processor reset is completed for microblaze_0
14:35:20 ERROR : Unexpected error while parsing XMD response ?: com.google.gson.JsonSyntaxException: com.google.gson.stream.MalformedJsonException: invalid number or unquoted string near 
14:15:29 INFO  : Launching XSDB server: xsdb.bat -s C:/Xilinx/SDK/2015.2/scripts/xsdb/xsdb/xsdb-server.tcl
14:15:32 INFO  : XSDB server has started successfully.
14:15:34 INFO  : Processing command line option -hwspec C:/ES3/Assessment_1_Calculator/Assessment_1_Calculator/Calculator/FPGA_Calculator/FPGA_Calculator.sdk/top.hdf.
