#-----------------------------------------------------------
# Vivado v2015.2 (64-bit)
# SW Build 1266856 on Fri Jun 26 16:35:25 MDT 2015
# IP Build 1264090 on Wed Jun 24 14:22:01 MDT 2015
# Start of session at: Wed Nov 03 12:28:08 2021
# Process ID: 29096
# Log file: C:/ES3/Assessment_1_Calculator/Assessment_1_Calculator/Assessment_1_Calculator/es3_hw_assmnt_1/vivado.log
# Journal file: C:/ES3/Assessment_1_Calculator/Assessment_1_Calculator/Assessment_1_Calculator/es3_hw_assmnt_1\vivado.jou
#-----------------------------------------------------------
start_gui
open_project C:/ES3/Assessment_1_Calculator/Assessment_1_Calculator/Assessment_1_Calculator/es3_hw_assmnt_1/es3_hw_assmnt_1.xpr
INFO: [ProjectBase 1-489] The host OS only allows 260 characters in a normal path. The project is stored in a path with more than 80 characters. If you experience issues with IP, Block Designs, or files not being found, please consider moving the project to a location with a shorter path. Alternately consider using the OS subst command to map part of the path to a drive letter.
Current project path is 'C:/ES3/Assessment_1_Calculator/Assessment_1_Calculator/Assessment_1_Calculator/es3_hw_assmnt_1'
INFO: [Project 1-313] Project file moved from 'C:/Users/s1301217/Desktop/ES3_Lab_Upgrade/Upgrade/Assessment_1_Calculator/es3_hw_assmnt_1' since last save.
Scanning sources...
Finished scanning sources
INFO: [IP_Flow 19-234] Refreshing IP repositories
INFO: [IP_Flow 19-1704] No user IP repositories specified
INFO: [IP_Flow 19-2313] Loaded Vivado IP repository 'C:/Xilinx/Vivado/2015.2/data/ip'.
open_project: Time (s): cpu = 00:00:34 ; elapsed = 00:00:22 . Memory (MB): peak = 802.539 ; gain = 251.359
exit
INFO: [Common 17-206] Exiting Vivado at Wed Nov 03 12:33:30 2021...
